<?xml version="1.0" encoding="UTF-8"?>
<robot generator="Robot 7.4.2 (Python 3.14.0 on win32)" generated="2026-03-28T12:50:09.424109" rpa="false" schemaversion="5">
<suite id="s1" name="Javascript Executor" source="I:\SeleniumCAP\28MAR2026\javascript_executor.robot">
<test id="s1-t1" name="handling js" line="8">
<kw name="Open Browser" owner="SeleniumLibrary">
<msg time="2026-03-28T12:50:09.963629" level="INFO">Opening browser 'chrome' to base url 'https://inc.in/'.</msg>
<arg>${url}</arg>
<arg>chrome</arg>
<doc>Opens a new browser instance to the optional ``url``.</doc>
<status status="PASS" start="2026-03-28T12:50:09.962954" elapsed="5.308285"/>
</kw>
<kw name="Maximize Browser Window" owner="SeleniumLibrary">
<doc>Maximizes current browser window.</doc>
<status status="PASS" start="2026-03-28T12:50:15.272159" elapsed="0.357087"/>
</kw>
<kw name="Sleep" owner="BuiltIn">
<msg time="2026-03-28T12:50:16.631420" level="INFO">Slept 1 second.</msg>
<arg>1s</arg>
<doc>Pauses the test executed for the given time.</doc>
<status status="PASS" start="2026-03-28T12:50:15.630050" elapsed="1.001683"/>
</kw>
<kw name="Execute Javascript" owner="SeleniumLibrary">
<msg time="2026-03-28T12:50:16.633888" level="INFO">Executing JavaScript:
window.scrollTo(0,document.body.scrollHeight);
Without any arguments.</msg>
<arg>window.scrollTo(0,document.body.scrollHeight);</arg>
<doc>Executes the given JavaScript code with possible arguments.</doc>
<status status="PASS" start="2026-03-28T12:50:16.632845" elapsed="0.031738"/>
</kw>
<kw name="Sleep" owner="BuiltIn">
<msg time="2026-03-28T12:50:19.677867" level="INFO">Slept 3 seconds.</msg>
<arg>3s</arg>
<doc>Pauses the test executed for the given time.</doc>
<status status="PASS" start="2026-03-28T12:50:16.673862" elapsed="3.004300"/>
</kw>
<kw name="Execute Javascript" owner="SeleniumLibrary">
<msg time="2026-03-28T12:50:19.679737" level="INFO">Executing JavaScript:
window.scrollTo(0,0);
Without any arguments.</msg>
<arg>window.scrollTo(0,0);</arg>
<doc>Executes the given JavaScript code with possible arguments.</doc>
<status status="PASS" start="2026-03-28T12:50:19.678958" elapsed="0.023388"/>
</kw>
<kw name="Sleep" owner="BuiltIn">
<msg time="2026-03-28T12:50:21.704842" level="INFO">Slept 2 seconds.</msg>
<arg>2s</arg>
<doc>Pauses the test executed for the given time.</doc>
<status status="PASS" start="2026-03-28T12:50:19.703203" elapsed="2.001941"/>
</kw>
<kw name="Execute Javascript" owner="SeleniumLibrary">
<msg time="2026-03-28T12:50:21.707289" level="INFO">Executing JavaScript:
window.scrollBy(0,500);
Without any arguments.</msg>
<arg>window.scrollBy(0,500);</arg>
<doc>Executes the given JavaScript code with possible arguments.</doc>
<status status="PASS" start="2026-03-28T12:50:21.705795" elapsed="0.040610"/>
</kw>
<kw name="Sleep" owner="BuiltIn">
<msg time="2026-03-28T12:50:23.749697" level="INFO">Slept 2 seconds.</msg>
<arg>2s</arg>
<doc>Pauses the test executed for the given time.</doc>
<status status="PASS" start="2026-03-28T12:50:21.747887" elapsed="2.002182"/>
</kw>
<kw name="Execute Javascript" owner="SeleniumLibrary">
<msg time="2026-03-28T12:50:23.751854" level="INFO">Executing JavaScript:
window.scrollBy(0,-200);
Without any arguments.</msg>
<arg>window.scrollBy(0,-200);</arg>
<doc>Executes the given JavaScript code with possible arguments.</doc>
<status status="PASS" start="2026-03-28T12:50:23.751043" elapsed="0.029368"/>
</kw>
<kw name="Sleep" owner="BuiltIn">
<msg time="2026-03-28T12:50:25.782713" level="INFO">Slept 2 seconds.</msg>
<arg>2s</arg>
<doc>Pauses the test executed for the given time.</doc>
<status status="PASS" start="2026-03-28T12:50:23.781140" elapsed="2.001845"/>
</kw>
<kw name="Get WebElement" owner="SeleniumLibrary">
<msg time="2026-03-28T12:50:25.813600" level="INFO">${ele} = &lt;selenium.webdriver.remote.webelement.WebElement (session="8c82f9aa4aab3efd993f01e1deceb25d", element="f.CBD5C68DC4DC544C639E16CE30DF8E5C.d.66C01EE5332503B08505A87B297A9A92.e.398")&gt;</msg>
<var>${ele}</var>
<arg>xpath=(//span[text()="View All"])[3]</arg>
<doc>Returns the first WebElement matching the given ``locator``.</doc>
<status status="PASS" start="2026-03-28T12:50:25.783726" elapsed="0.030044"/>
</kw>
<kw name="Execute Javascript" owner="SeleniumLibrary">
<msg time="2026-03-28T12:50:25.817416" level="INFO">Executing JavaScript:
arguments[0].scrollIntoView();
By using argument:
'&lt;selenium.webdriver.remote.webelement.WebElement (session="8c82f9aa4aab3efd993f01e1deceb25d", element="f.CBD5C68DC4DC544C639E16CE30DF8E5C.d.66C01EE5332503B08505A87B297A9A92.e.398")&gt;'</msg>
<arg>arguments[0].scrollIntoView();</arg>
<arg>ARGUMENTS</arg>
<arg>${ele}</arg>
<doc>Executes the given JavaScript code with possible arguments.</doc>
<status status="PASS" start="2026-03-28T12:50:25.814451" elapsed="0.038725"/>
</kw>
<kw name="Sleep" owner="BuiltIn">
<msg time="2026-03-28T12:50:27.855493" level="INFO">Slept 2 seconds.</msg>
<arg>2s</arg>
<doc>Pauses the test executed for the given time.</doc>
<status status="PASS" start="2026-03-28T12:50:25.853876" elapsed="2.001916"/>
</kw>
<kw name="Execute Javascript" owner="SeleniumLibrary">
<msg time="2026-03-28T12:50:27.857347" level="INFO">Executing JavaScript:
arguments[0].click();
By using argument:
'&lt;selenium.webdriver.remote.webelement.WebElement (session="8c82f9aa4aab3efd993f01e1deceb25d", element="f.CBD5C68DC4DC544C639E16CE30DF8E5C.d.66C01EE5332503B08505A87B297A9A92.e.398")&gt;'</msg>
<arg>arguments[0].click();</arg>
<arg>ARGUMENTS</arg>
<arg>${ele}</arg>
<doc>Executes the given JavaScript code with possible arguments.</doc>
<status status="PASS" start="2026-03-28T12:50:27.856439" elapsed="0.040424"/>
</kw>
<kw name="Sleep" owner="BuiltIn">
<msg time="2026-03-28T12:50:29.898663" level="INFO">Slept 2 seconds.</msg>
<arg>2s</arg>
<doc>Pauses the test executed for the given time.</doc>
<status status="PASS" start="2026-03-28T12:50:27.897489" elapsed="2.001450"/>
</kw>
<kw name="Close Browser" owner="SeleniumLibrary">
<doc>Closes the current browser.</doc>
<status status="PASS" start="2026-03-28T12:50:29.899773" elapsed="2.512986"/>
</kw>
<status status="PASS" start="2026-03-28T12:50:09.960275" elapsed="22.453717"/>
</test>
<status status="PASS" start="2026-03-28T12:50:09.427673" elapsed="22.988198"/>
</suite>
<statistics>
<total>
<stat pass="1" fail="0" skip="0">All Tests</stat>
</total>
<tag>
</tag>
<suite>
<stat name="Javascript Executor" id="s1" pass="1" fail="0" skip="0">Javascript Executor</stat>
</suite>
</statistics>
<errors>
</errors>
</robot>
