<?xml version="1.0" encoding="UTF-8"?>
<robot generator="Robot 7.4.2 (Python 3.14.0 on win32)" generated="2026-03-28T11:10:18.132032" rpa="false" schemaversion="5">
<suite id="s1" name="Task1" source="I:\SeleniumCAP\28MAR2026\Task1.robot">
<test id="s1-t1" name="handle multi_dropdown" line="9">
<kw name="Open Browser" owner="SeleniumLibrary">
<msg time="2026-03-28T11:10:18.701348" level="INFO">Opening browser 'edge' to base url 'https://testautomationpractice.blogspot.com/'.</msg>
<arg>${url}</arg>
<arg>${browser}</arg>
<doc>Opens a new browser instance to the optional ``url``.</doc>
<status status="PASS" start="2026-03-28T11:10:18.700844" elapsed="7.784655"/>
</kw>
<kw name="Maximize Browser Window" owner="SeleniumLibrary">
<doc>Maximizes current browser window.</doc>
<status status="PASS" start="2026-03-28T11:10:26.486634" elapsed="0.082084"/>
</kw>
<kw name="Page Should Contain List" owner="SeleniumLibrary">
<msg time="2026-03-28T11:10:26.610942" level="INFO">Current page contains list 'id=colors'.</msg>
<arg>id=colors</arg>
<doc>Verifies selection list ``locator`` is found from current page.</doc>
<status status="PASS" start="2026-03-28T11:10:26.569493" elapsed="0.041620"/>
</kw>
<kw name="Scroll Element Into View" owner="SeleniumLibrary">
<arg>id=colors</arg>
<doc>Scrolls the element identified by ``locator`` into view.</doc>
<status status="PASS" start="2026-03-28T11:10:26.611579" elapsed="0.298626"/>
</kw>
<kw name="Sleep" owner="BuiltIn">
<msg time="2026-03-28T11:10:27.912383" level="INFO">Slept 1 second.</msg>
<arg>1s</arg>
<doc>Pauses the test executed for the given time.</doc>
<status status="PASS" start="2026-03-28T11:10:26.910815" elapsed="1.001864"/>
</kw>
<kw name="Get List Items" owner="SeleniumLibrary">
<msg time="2026-03-28T11:10:28.095735" level="INFO">@{options} = [ Red | Blue | Green | Yellow | Red | White | Green ]</msg>
<var>@{options}</var>
<arg>id=colors</arg>
<doc>Returns all labels or values of selection list ``locator``.</doc>
<status status="PASS" start="2026-03-28T11:10:27.913239" elapsed="0.182649"/>
</kw>
<kw name="Log To Console" owner="BuiltIn">
<arg>${options}</arg>
<doc>Logs the given message to the console.</doc>
<status status="PASS" start="2026-03-28T11:10:28.096461" elapsed="0.000836"/>
</kw>
<kw name="Select From List By Value" owner="SeleniumLibrary">
<msg time="2026-03-28T11:10:28.098125" level="INFO">Selecting options from selection list 'id=colors' by value blue.</msg>
<arg>id=colors</arg>
<arg>blue</arg>
<doc>Selects options from selection list ``locator`` by ``values``.</doc>
<status status="PASS" start="2026-03-28T11:10:28.097774" elapsed="0.162447"/>
</kw>
<kw name="Select From List By Value" owner="SeleniumLibrary">
<msg time="2026-03-28T11:10:28.261333" level="INFO">Selecting options from selection list 'id=colors' by value yellow.</msg>
<arg>id=colors</arg>
<arg>yellow</arg>
<doc>Selects options from selection list ``locator`` by ``values``.</doc>
<status status="PASS" start="2026-03-28T11:10:28.260879" elapsed="0.137967"/>
</kw>
<kw name="Get Selected List Values" owner="SeleniumLibrary">
<msg time="2026-03-28T11:10:28.574953" level="INFO">@{selected_options} = [ blue | yellow ]</msg>
<var>@{selected_options}</var>
<arg>id=colors</arg>
<doc>Returns values of selected options from selection list ``locator``.</doc>
<status status="PASS" start="2026-03-28T11:10:28.400001" elapsed="0.175042"/>
</kw>
<kw name="Log To Console" owner="BuiltIn">
<arg>${selected_options}</arg>
<doc>Logs the given message to the console.</doc>
<status status="PASS" start="2026-03-28T11:10:28.575751" elapsed="0.000964"/>
</kw>
<kw name="Sleep" owner="BuiltIn">
<msg time="2026-03-28T11:10:31.578155" level="INFO">Slept 3 seconds.</msg>
<arg>3s</arg>
<doc>Pauses the test executed for the given time.</doc>
<status status="PASS" start="2026-03-28T11:10:28.577285" elapsed="3.001146"/>
</kw>
<kw name="Close Browser" owner="SeleniumLibrary">
<doc>Closes the current browser.</doc>
<status status="PASS" start="2026-03-28T11:10:31.579065" elapsed="2.438913"/>
</kw>
<status status="PASS" start="2026-03-28T11:10:18.698994" elapsed="15.319616"/>
</test>
<status status="PASS" start="2026-03-28T11:10:18.135544" elapsed="15.884370"/>
</suite>
<statistics>
<total>
<stat pass="1" fail="0" skip="0">All Tests</stat>
</total>
<tag>
</tag>
<suite>
<stat name="Task1" id="s1" pass="1" fail="0" skip="0">Task1</stat>
</suite>
</statistics>
<errors>
</errors>
</robot>
