<?xml version="1.0" encoding="UTF-8"?>
<robot generator="Robot 7.4.2 (Python 3.14.0 on win32)" generated="2026-03-27T15:21:47.671497" rpa="false" schemaversion="5">
<suite id="s1" name="Checkboxes" source="I:\SeleniumCAP\27MAR2026\checkboxes.robot">
<test id="s1-t1" name="Checkboxes in testautomationpractice" line="24">
<kw name="Open Browser" owner="SeleniumLibrary">
<msg time="2026-03-27T15:21:47.898184" level="INFO">Opening browser 'chrome' to base url 'https://testautomationpractice.blogspot.com/'.</msg>
<arg>${url}[1]</arg>
<arg>chrome</arg>
<doc>Opens a new browser instance to the optional ``url``.</doc>
<status status="PASS" start="2026-03-27T15:21:47.897862" elapsed="6.488992"/>
</kw>
<kw name="Maximize Browser Window" owner="SeleniumLibrary">
<doc>Maximizes current browser window.</doc>
<status status="PASS" start="2026-03-27T15:21:54.387356" elapsed="0.021270"/>
</kw>
<kw name="Sleep" owner="BuiltIn">
<msg time="2026-03-27T15:21:55.409991" level="INFO">Slept 1 second.</msg>
<arg>1s</arg>
<doc>Pauses the test executed for the given time.</doc>
<status status="PASS" start="2026-03-27T15:21:54.409033" elapsed="1.001207"/>
</kw>
<kw name="Page Should Contain Checkbox" owner="SeleniumLibrary">
<msg time="2026-03-27T15:21:55.433500" level="INFO">Current page contains checkbox 'id=sunday'.</msg>
<arg>id=sunday</arg>
<doc>Verifies checkbox ``locator`` is found from the current page.</doc>
<status status="PASS" start="2026-03-27T15:21:55.411534" elapsed="0.022062"/>
</kw>
<kw name="Select Checkbox" owner="SeleniumLibrary">
<msg time="2026-03-27T15:21:55.434071" level="INFO">Selecting checkbox 'id=sunday'.</msg>
<arg>id=sunday</arg>
<doc>Selects the checkbox identified by ``locator``.</doc>
<status status="PASS" start="2026-03-27T15:21:55.433873" elapsed="0.066680"/>
</kw>
<kw name="Sleep" owner="BuiltIn">
<msg time="2026-03-27T15:21:56.501397" level="INFO">Slept 1 second.</msg>
<arg>1s</arg>
<doc>Pauses the test executed for the given time.</doc>
<status status="PASS" start="2026-03-27T15:21:55.500888" elapsed="1.000662"/>
</kw>
<kw name="Page Should Contain Checkbox" owner="SeleniumLibrary">
<msg time="2026-03-27T15:21:56.517190" level="INFO">Current page contains checkbox 'id=saturday'.</msg>
<arg>id=saturday</arg>
<doc>Verifies checkbox ``locator`` is found from the current page.</doc>
<status status="PASS" start="2026-03-27T15:21:56.501868" elapsed="0.015435"/>
</kw>
<kw name="Select Checkbox" owner="SeleniumLibrary">
<msg time="2026-03-27T15:21:56.517799" level="INFO">Selecting checkbox 'id=saturday'.</msg>
<arg>id=saturday</arg>
<doc>Selects the checkbox identified by ``locator``.</doc>
<status status="PASS" start="2026-03-27T15:21:56.517598" elapsed="0.053929"/>
</kw>
<kw name="Sleep" owner="BuiltIn">
<msg time="2026-03-27T15:21:57.573023" level="INFO">Slept 1 second.</msg>
<arg>1s</arg>
<doc>Pauses the test executed for the given time.</doc>
<status status="PASS" start="2026-03-27T15:21:56.571902" elapsed="1.001248"/>
</kw>
<kw name="Click Element" owner="SeleniumLibrary">
<msg time="2026-03-27T15:21:57.573851" level="INFO">Clicking element 'id=female'.</msg>
<arg>id=female</arg>
<doc>Click the element identified by ``locator``.</doc>
<status status="PASS" start="2026-03-27T15:21:57.573626" elapsed="0.043631"/>
</kw>
<kw name="Click Element" owner="SeleniumLibrary">
<msg time="2026-03-27T15:21:57.617857" level="INFO">Clicking element 'id=male'.</msg>
<arg>id=male</arg>
<doc>Click the element identified by ``locator``.</doc>
<status status="PASS" start="2026-03-27T15:21:57.617566" elapsed="0.042135"/>
</kw>
<kw name="Sleep" owner="BuiltIn">
<msg time="2026-03-27T15:21:58.661369" level="INFO">Slept 1 second.</msg>
<arg>1s</arg>
<doc>Pauses the test executed for the given time.</doc>
<status status="PASS" start="2026-03-27T15:21:57.660056" elapsed="1.001540"/>
</kw>
<doc>testautomationpractice checkboxes</doc>
<status status="PASS" start="2026-03-27T15:21:47.896817" elapsed="10.765428"/>
</test>
<doc>handling chechboxes</doc>
<status status="PASS" start="2026-03-27T15:21:47.672914" elapsed="10.990338"/>
</suite>
<statistics>
<total>
<stat pass="1" fail="0" skip="0">All Tests</stat>
</total>
<tag>
</tag>
<suite>
<stat name="Checkboxes" id="s1" pass="1" fail="0" skip="0">Checkboxes</stat>
</suite>
</statistics>
<errors>
</errors>
</robot>
